2024-03-22 05:14:08,022 p=21226 u=artur n=ansible | test | UNREACHABLE! => {
    "changed": false,
    "msg": "Failed to connect to the host via ssh: Warning: Permanently added '65.21.62.207' (ECDSA) to the list of known hosts.\r\nroot@65.21.62.207: Permission denied (publickey,password).",
    "unreachable": true
}
2024-03-22 05:20:40,728 p=21385 u=artur n=ansible | test | SUCCESS => {
    "ansible_facts": {
        "discovered_interpreter_python": "/usr/bin/python3"
    },
    "changed": false,
    "ping": "pong"
}
2024-03-22 05:21:09,343 p=21416 u=root n=ansible | PLAY [Установка и настройка web сервера для Laravel] ***************************
2024-03-22 05:21:09,349 p=21416 u=root n=ansible | TASK [Gathering Facts] *********************************************************
2024-03-22 05:21:11,416 p=21416 u=root n=ansible | ok: [linux]
2024-03-22 05:21:16,433 p=21416 u=root n=ansible | ok: [test]
2024-03-22 05:21:16,447 p=21416 u=root n=ansible | TASK [Установка необходимых пакетов] *******************************************
2024-03-22 05:21:17,443 p=21416 u=root n=ansible | ok: [linux] => (item=nginx)
2024-03-22 05:21:18,010 p=21416 u=root n=ansible | ok: [linux] => (item=php-fpm)
2024-03-22 05:21:18,278 p=21416 u=root n=ansible | failed: [test] (item=nginx) => {"ansible_loop_var": "item", "changed": false, "item": "nginx", "msg": "No package matching 'nginx' is available"}
2024-03-22 05:21:18,636 p=21416 u=root n=ansible | ok: [linux] => (item=php-mysql)
2024-03-22 05:21:19,185 p=21416 u=root n=ansible | ok: [linux] => (item=mysql-server)
2024-03-22 05:21:19,747 p=21416 u=root n=ansible | ok: [linux] => (item=composer)
2024-03-22 05:21:19,895 p=21416 u=root n=ansible | failed: [test] (item=php-fpm) => {"ansible_loop_var": "item", "changed": false, "item": "php-fpm", "msg": "No package matching 'php-fpm' is available"}
2024-03-22 05:21:20,324 p=21416 u=root n=ansible | ok: [linux] => (item=iptables)
2024-03-22 05:21:21,520 p=21416 u=root n=ansible | failed: [test] (item=php-mysql) => {"ansible_loop_var": "item", "changed": false, "item": "php-mysql", "msg": "No package matching 'php-mysql' is available"}
2024-03-22 05:21:23,048 p=21416 u=root n=ansible | failed: [test] (item=mysql-server) => {"ansible_loop_var": "item", "changed": false, "item": "mysql-server", "msg": "No package matching 'mysql-server' is available"}
2024-03-22 05:21:24,703 p=21416 u=root n=ansible | failed: [test] (item=composer) => {"ansible_loop_var": "item", "changed": false, "item": "composer", "msg": "No package matching 'composer' is available"}
2024-03-22 05:21:26,324 p=21416 u=root n=ansible | ok: [test] => (item=iptables)
2024-03-22 05:21:26,332 p=21416 u=root n=ansible | TASK [Клонирование репозитория Laravel с GitHub] *******************************
2024-03-22 05:21:27,553 p=21416 u=root n=ansible | ok: [linux]
2024-03-22 05:21:27,562 p=21416 u=root n=ansible | TASK [Настройка Nginx для Laravel] *********************************************
2024-03-22 05:21:28,071 p=21416 u=root n=ansible | ok: [linux]
2024-03-22 05:21:28,078 p=21416 u=root n=ansible | TASK [Создание пользователя ubuntu] ********************************************
2024-03-22 05:21:28,349 p=21416 u=root n=ansible | ok: [linux]
2024-03-22 05:21:28,355 p=21416 u=root n=ansible | TASK [Настройка sudo для пользователя ubuntu] **********************************
2024-03-22 05:21:28,582 p=21416 u=root n=ansible | ok: [linux]
2024-03-22 05:21:28,587 p=21416 u=root n=ansible | TASK [Настройка iptables] ******************************************************
2024-03-22 05:21:28,831 p=21416 u=root n=ansible | ok: [linux] => (item=22)
2024-03-22 05:21:28,984 p=21416 u=root n=ansible | ok: [linux] => (item=80)
2024-03-22 05:21:29,150 p=21416 u=root n=ansible | ok: [linux] => (item=443)
2024-03-22 05:21:29,161 p=21416 u=root n=ansible | PLAY RECAP *********************************************************************
2024-03-22 05:21:29,162 p=21416 u=root n=ansible | linux                      : ok=7    changed=0    unreachable=0    failed=0    skipped=0    rescued=0    ignored=0   
2024-03-22 05:21:29,162 p=21416 u=root n=ansible | test                       : ok=1    changed=0    unreachable=0    failed=1    skipped=0    rescued=0    ignored=0   
2024-03-22 05:22:10,222 p=21626 u=root n=ansible | PLAY [Установка и настройка web сервера для Laravel] ***************************
2024-03-22 05:22:10,229 p=21626 u=root n=ansible | TASK [Gathering Facts] *********************************************************
2024-03-22 05:22:13,087 p=21626 u=root n=ansible | ok: [test]
2024-03-22 05:22:13,097 p=21626 u=root n=ansible | TASK [Установка необходимых пакетов] *******************************************
2024-03-22 05:22:14,909 p=21626 u=root n=ansible | failed: [test] (item=nginx) => {"ansible_loop_var": "item", "changed": false, "item": "nginx", "msg": "No package matching 'nginx' is available"}
2024-03-22 05:22:16,520 p=21626 u=root n=ansible | failed: [test] (item=php-fpm) => {"ansible_loop_var": "item", "changed": false, "item": "php-fpm", "msg": "No package matching 'php-fpm' is available"}
2024-03-22 05:22:18,133 p=21626 u=root n=ansible | failed: [test] (item=php-mysql) => {"ansible_loop_var": "item", "changed": false, "item": "php-mysql", "msg": "No package matching 'php-mysql' is available"}
2024-03-22 05:22:19,795 p=21626 u=root n=ansible | failed: [test] (item=mysql-server) => {"ansible_loop_var": "item", "changed": false, "item": "mysql-server", "msg": "No package matching 'mysql-server' is available"}
2024-03-22 05:22:21,473 p=21626 u=root n=ansible | failed: [test] (item=composer) => {"ansible_loop_var": "item", "changed": false, "item": "composer", "msg": "No package matching 'composer' is available"}
2024-03-22 05:22:23,080 p=21626 u=root n=ansible | ok: [test] => (item=iptables)
2024-03-22 05:22:23,083 p=21626 u=root n=ansible | PLAY RECAP *********************************************************************
2024-03-22 05:22:23,083 p=21626 u=root n=ansible | test                       : ok=1    changed=0    unreachable=0    failed=1    skipped=0    rescued=0    ignored=0   
2024-03-22 05:25:28,472 p=21760 u=root n=ansible | PLAY [Установка и настройка web сервера для Laravel] ***************************
2024-03-22 05:25:28,478 p=21760 u=root n=ansible | TASK [Gathering Facts] *********************************************************
2024-03-22 05:25:32,735 p=21760 u=root n=ansible | ok: [test]
2024-03-22 05:25:32,744 p=21760 u=root n=ansible | TASK [Установка необходимых пакетов] *******************************************
2024-03-22 05:26:37,057 p=21760 u=root n=ansible | changed: [test] => (item=nginx)
2024-03-22 05:26:39,990 p=21760 u=root n=ansible | failed: [test] (item=php-fpm) => {"ansible_loop_var": "item", "cache_update_time": 1711091952, "cache_updated": false, "changed": false, "item": "php-fpm", "msg": "'/usr/bin/apt-get -y -o \"Dpkg::Options::=--force-confdef\" -o \"Dpkg::Options::=--force-confold\"       install 'php-fpm'' failed: E: Could not get lock /var/lib/dpkg/lock-frontend. It is held by process 14006 (apt)\nE: Unable to acquire the dpkg frontend lock (/var/lib/dpkg/lock-frontend), is another process using it?\n", "rc": 100, "stderr": "E: Could not get lock /var/lib/dpkg/lock-frontend. It is held by process 14006 (apt)\nE: Unable to acquire the dpkg frontend lock (/var/lib/dpkg/lock-frontend), is another process using it?\n", "stderr_lines": ["E: Could not get lock /var/lib/dpkg/lock-frontend. It is held by process 14006 (apt)", "E: Unable to acquire the dpkg frontend lock (/var/lib/dpkg/lock-frontend), is another process using it?"], "stdout": "", "stdout_lines": []}
2024-03-22 05:26:44,675 p=21760 u=root n=ansible | failed: [test] (item=php-mysql) => {"ansible_loop_var": "item", "cache_update_time": 1711091952, "cache_updated": false, "changed": false, "item": "php-mysql", "msg": "'/usr/bin/apt-get -y -o \"Dpkg::Options::=--force-confdef\" -o \"Dpkg::Options::=--force-confold\"       install 'php-mysql'' failed: E: Could not get lock /var/lib/dpkg/lock-frontend. It is held by process 14006 (apt)\nE: Unable to acquire the dpkg frontend lock (/var/lib/dpkg/lock-frontend), is another process using it?\n", "rc": 100, "stderr": "E: Could not get lock /var/lib/dpkg/lock-frontend. It is held by process 14006 (apt)\nE: Unable to acquire the dpkg frontend lock (/var/lib/dpkg/lock-frontend), is another process using it?\n", "stderr_lines": ["E: Could not get lock /var/lib/dpkg/lock-frontend. It is held by process 14006 (apt)", "E: Unable to acquire the dpkg frontend lock (/var/lib/dpkg/lock-frontend), is another process using it?"], "stdout": "", "stdout_lines": []}
2024-03-22 05:26:49,221 p=21760 u=root n=ansible | failed: [test] (item=mysql-server) => {"ansible_loop_var": "item", "cache_update_time": 1711091952, "cache_updated": false, "changed": false, "item": "mysql-server", "msg": "'/usr/bin/apt-get -y -o \"Dpkg::Options::=--force-confdef\" -o \"Dpkg::Options::=--force-confold\"       install 'mysql-server'' failed: E: Could not get lock /var/lib/dpkg/lock-frontend. It is held by process 14006 (apt)\nE: Unable to acquire the dpkg frontend lock (/var/lib/dpkg/lock-frontend), is another process using it?\n", "rc": 100, "stderr": "E: Could not get lock /var/lib/dpkg/lock-frontend. It is held by process 14006 (apt)\nE: Unable to acquire the dpkg frontend lock (/var/lib/dpkg/lock-frontend), is another process using it?\n", "stderr_lines": ["E: Could not get lock /var/lib/dpkg/lock-frontend. It is held by process 14006 (apt)", "E: Unable to acquire the dpkg frontend lock (/var/lib/dpkg/lock-frontend), is another process using it?"], "stdout": "", "stdout_lines": []}
2024-03-22 05:26:53,830 p=21760 u=root n=ansible | failed: [test] (item=composer) => {"ansible_loop_var": "item", "cache_update_time": 1711091952, "cache_updated": false, "changed": false, "item": "composer", "msg": "'/usr/bin/apt-get -y -o \"Dpkg::Options::=--force-confdef\" -o \"Dpkg::Options::=--force-confold\"       install 'composer'' failed: E: Could not get lock /var/lib/dpkg/lock-frontend. It is held by process 14006 (apt)\nE: Unable to acquire the dpkg frontend lock (/var/lib/dpkg/lock-frontend), is another process using it?\n", "rc": 100, "stderr": "E: Could not get lock /var/lib/dpkg/lock-frontend. It is held by process 14006 (apt)\nE: Unable to acquire the dpkg frontend lock (/var/lib/dpkg/lock-frontend), is another process using it?\n", "stderr_lines": ["E: Could not get lock /var/lib/dpkg/lock-frontend. It is held by process 14006 (apt)", "E: Unable to acquire the dpkg frontend lock (/var/lib/dpkg/lock-frontend), is another process using it?"], "stdout": "", "stdout_lines": []}
2024-03-22 05:26:56,299 p=21760 u=root n=ansible |  [ERROR]: User interrupted execution

2024-03-22 05:27:24,241 p=21871 u=root n=ansible | PLAY [Установка и настройка web сервера для Laravel] ***************************
2024-03-22 05:27:24,248 p=21871 u=root n=ansible | TASK [Gathering Facts] *********************************************************
2024-03-22 05:27:27,131 p=21871 u=root n=ansible | ok: [test]
2024-03-22 05:27:27,140 p=21871 u=root n=ansible | TASK [Установка необходимых пакетов] *******************************************
2024-03-22 05:27:29,769 p=21871 u=root n=ansible | ok: [test] => (item=nginx)
2024-03-22 05:27:57,082 p=21871 u=root n=ansible | changed: [test] => (item=php-fpm)
2024-03-22 05:28:06,349 p=21871 u=root n=ansible | changed: [test] => (item=php-mysql)
2024-03-22 05:28:50,846 p=21871 u=root n=ansible | changed: [test] => (item=mysql-server)
2024-03-22 05:29:01,427 p=21871 u=root n=ansible | changed: [test] => (item=composer)
2024-03-22 05:29:04,169 p=21871 u=root n=ansible | ok: [test] => (item=iptables)
2024-03-22 05:29:04,182 p=21871 u=root n=ansible | TASK [Клонирование репозитория Laravel с GitHub] *******************************
2024-03-22 05:29:08,935 p=21871 u=root n=ansible | changed: [test]
2024-03-22 05:29:08,946 p=21871 u=root n=ansible | TASK [Настройка Nginx для Laravel] *********************************************
2024-03-22 05:29:12,150 p=21871 u=root n=ansible | changed: [test]
2024-03-22 05:29:12,155 p=21871 u=root n=ansible | TASK [Создание пользователя ubuntu] ********************************************
2024-03-22 05:29:13,774 p=21871 u=root n=ansible | changed: [test]
2024-03-22 05:29:13,780 p=21871 u=root n=ansible | TASK [Настройка sudo для пользователя ubuntu] **********************************
2024-03-22 05:29:15,171 p=21871 u=root n=ansible | changed: [test]
2024-03-22 05:29:15,177 p=21871 u=root n=ansible | TASK [Настройка iptables] ******************************************************
2024-03-22 05:29:16,695 p=21871 u=root n=ansible | changed: [test] => (item=22)
2024-03-22 05:29:18,037 p=21871 u=root n=ansible | changed: [test] => (item=80)
2024-03-22 05:29:19,365 p=21871 u=root n=ansible | changed: [test] => (item=443)
2024-03-22 05:29:19,374 p=21871 u=root n=ansible | RUNNING HANDLER [Reload Nginx] *************************************************
2024-03-22 05:29:21,217 p=21871 u=root n=ansible | changed: [test]
2024-03-22 05:29:21,224 p=21871 u=root n=ansible | PLAY RECAP *********************************************************************
2024-03-22 05:29:21,224 p=21871 u=root n=ansible | test                       : ok=8    changed=7    unreachable=0    failed=0    skipped=0    rescued=0    ignored=0   
2024-03-22 05:29:55,928 p=22080 u=root n=ansible | PLAY [Установка и настройка web сервера для Laravel] ***************************
2024-03-22 05:29:55,934 p=22080 u=root n=ansible | TASK [Gathering Facts] *********************************************************
2024-03-22 05:29:58,922 p=22080 u=root n=ansible | ok: [test]
2024-03-22 05:29:58,931 p=22080 u=root n=ansible | TASK [Установка необходимых пакетов] *******************************************
2024-03-22 05:30:02,064 p=22080 u=root n=ansible | ok: [test] => (item=nginx)
2024-03-22 05:30:04,686 p=22080 u=root n=ansible | ok: [test] => (item=php-fpm)
2024-03-22 05:30:07,629 p=22080 u=root n=ansible | ok: [test] => (item=php-mysql)
2024-03-22 05:30:10,384 p=22080 u=root n=ansible | ok: [test] => (item=mysql-server)
2024-03-22 05:30:13,322 p=22080 u=root n=ansible | ok: [test] => (item=composer)
2024-03-22 05:30:16,066 p=22080 u=root n=ansible | ok: [test] => (item=iptables)
2024-03-22 05:30:16,077 p=22080 u=root n=ansible | TASK [Клонирование репозитория Laravel с GitHub] *******************************
2024-03-22 05:30:18,254 p=22080 u=root n=ansible | ok: [test]
2024-03-22 05:30:18,260 p=22080 u=root n=ansible | TASK [Настройка Nginx для Laravel] *********************************************
2024-03-22 05:30:20,975 p=22080 u=root n=ansible | ok: [test]
2024-03-22 05:30:20,981 p=22080 u=root n=ansible | TASK [Создание пользователя ubuntu] ********************************************
2024-03-22 05:30:22,446 p=22080 u=root n=ansible | ok: [test]
2024-03-22 05:30:22,451 p=22080 u=root n=ansible | TASK [Настройка sudo для пользователя ubuntu] **********************************
2024-03-22 05:30:23,758 p=22080 u=root n=ansible | ok: [test]
2024-03-22 05:30:23,763 p=22080 u=root n=ansible | TASK [Настройка iptables] ******************************************************
2024-03-22 05:30:25,150 p=22080 u=root n=ansible | ok: [test] => (item=22)
2024-03-22 05:30:26,578 p=22080 u=root n=ansible | ok: [test] => (item=80)
2024-03-22 05:30:28,004 p=22080 u=root n=ansible | ok: [test] => (item=443)
2024-03-22 05:30:28,019 p=22080 u=root n=ansible | PLAY RECAP *********************************************************************
2024-03-22 05:30:28,019 p=22080 u=root n=ansible | test                       : ok=7    changed=0    unreachable=0    failed=0    skipped=0    rescued=0    ignored=0   
